<?xml version="1.0" encoding="UTF-8"?>
<testsuite name="TamagochiTest" tests="2" skipped="0" failures="0" errors="0" timestamp="2016-04-26T16:39:27" hostname="epicodus-117.local" time="0.002">
  <properties/>
  <testcase name="isTamagochi_Feed_6" classname="TamagochiTest" time="0.001"/>
  <testcase name="isTamagochi_Status_5" classname="TamagochiTest" time="0.0"/>
  <system-out><![CDATA[]]></system-out>
  <system-err><![CDATA[]]></system-err>
</testsuite>
